<?xml version="1.0" encoding="UTF-8"?>
<testsuite name="com.programmers.web.dashboard.TaskOptimizerApplicationTests" tests="1" skipped="0" failures="0" errors="0" timestamp="2024-04-04T04:03:11" hostname="DW" time="0.801">
  <properties/>
  <testcase name="contextLoads()" classname="com.programmers.web.dashboard.TaskOptimizerApplicationTests" time="0.801"/>
  <system-out><![CDATA[13:03:02.268 [Test worker] INFO org.springframework.test.context.support.AnnotationConfigContextLoaderUtils -- Could not detect default configuration classes for test class [com.programmers.web.dashboard.TaskOptimizerApplicationTests]: TaskOptimizerApplicationTests does not declare any static, non-private, non-final, nested classes annotated with @Configuration.
13:03:02.405 [Test worker] INFO org.springframework.boot.test.context.SpringBootTestContextBootstrapper -- Found @SpringBootConfiguration com.programmers.web.dashboard.TaskOptimizerApplication for test class com.programmers.web.dashboard.TaskOptimizerApplicationTests

  .   ____          _            __ _ _
 /\\ / ___'_ __ _ _(_)_ __  __ _ \ \ \ \
( ( )\___ | '_ | '_| | '_ \/ _` | \ \ \ \
 \\/  ___)| |_)| | | | | || (_| |  ) ) ) )
  '  |____| .__|_| |_|_| |_\__, | / / / /
 =========|_|==============|___/=/_/_/_/
 :: Spring Boot ::                (v3.2.2)

2024-04-04T13:03:03.155+09:00  INFO 14324 --- [    Test worker] c.p.w.d.TaskOptimizerApplicationTests    : Starting TaskOptimizerApplicationTests using Java 17.0.9 with PID 14324 (started by redit in C:\TaskOptimizer)
2024-04-04T13:03:03.156+09:00 DEBUG 14324 --- [    Test worker] c.p.w.d.TaskOptimizerApplicationTests    : Running with Spring Boot v3.2.2, Spring v6.1.3
2024-04-04T13:03:03.157+09:00  INFO 14324 --- [    Test worker] c.p.w.d.TaskOptimizerApplicationTests    : The following 1 profile is active: "dev"
2024-04-04T13:03:04.348+09:00  INFO 14324 --- [    Test worker] .s.d.r.c.RepositoryConfigurationDelegate : Multiple Spring Data modules found, entering strict repository configuration mode
2024-04-04T13:03:04.350+09:00  INFO 14324 --- [    Test worker] .s.d.r.c.RepositoryConfigurationDelegate : Bootstrapping Spring Data JPA repositories in DEFAULT mode.
2024-04-04T13:03:04.634+09:00  INFO 14324 --- [    Test worker] .s.d.r.c.RepositoryConfigurationDelegate : Finished Spring Data repository scanning in 270 ms. Found 4 JPA repository interfaces.
2024-04-04T13:03:04.664+09:00  INFO 14324 --- [    Test worker] .s.d.r.c.RepositoryConfigurationDelegate : Multiple Spring Data modules found, entering strict repository configuration mode
2024-04-04T13:03:04.666+09:00  INFO 14324 --- [    Test worker] .s.d.r.c.RepositoryConfigurationDelegate : Bootstrapping Spring Data Redis repositories in DEFAULT mode.
2024-04-04T13:03:04.687+09:00  INFO 14324 --- [    Test worker] .RepositoryConfigurationExtensionSupport : Spring Data Redis - Could not safely identify store assignment for repository candidate interface com.programmers.web.dashboard.repository.AuthorityRepository; If you want this repository to be a Redis repository, consider annotating your entities with one of these annotations: org.springframework.data.redis.core.RedisHash (preferred), or consider extending one of the following types with your repository: org.springframework.data.keyvalue.repository.KeyValueRepository
2024-04-04T13:03:04.690+09:00  INFO 14324 --- [    Test worker] .RepositoryConfigurationExtensionSupport : Spring Data Redis - Could not safely identify store assignment for repository candidate interface com.programmers.web.dashboard.repository.BoardRepository; If you want this repository to be a Redis repository, consider annotating your entities with one of these annotations: org.springframework.data.redis.core.RedisHash (preferred), or consider extending one of the following types with your repository: org.springframework.data.keyvalue.repository.KeyValueRepository
2024-04-04T13:03:04.691+09:00  INFO 14324 --- [    Test worker] .RepositoryConfigurationExtensionSupport : Spring Data Redis - Could not safely identify store assignment for repository candidate interface com.programmers.web.dashboard.repository.MemberRepository; If you want this repository to be a Redis repository, consider annotating your entities with one of these annotations: org.springframework.data.redis.core.RedisHash (preferred), or consider extending one of the following types with your repository: org.springframework.data.keyvalue.repository.KeyValueRepository
2024-04-04T13:03:04.691+09:00  INFO 14324 --- [    Test worker] .RepositoryConfigurationExtensionSupport : Spring Data Redis - Could not safely identify store assignment for repository candidate interface com.programmers.web.dashboard.repository.RefreshTokenRepository; If you want this repository to be a Redis repository, consider annotating your entities with one of these annotations: org.springframework.data.redis.core.RedisHash (preferred), or consider extending one of the following types with your repository: org.springframework.data.keyvalue.repository.KeyValueRepository
2024-04-04T13:03:04.692+09:00  INFO 14324 --- [    Test worker] .s.d.r.c.RepositoryConfigurationDelegate : Finished Spring Data repository scanning in 14 ms. Found 0 Redis repository interfaces.
2024-04-04T13:03:05.565+09:00  INFO 14324 --- [    Test worker] com.zaxxer.hikari.HikariDataSource       : HikariPool-1 - Starting...
2024-04-04T13:03:05.902+09:00  INFO 14324 --- [    Test worker] com.zaxxer.hikari.pool.HikariPool        : HikariPool-1 - Added connection com.mysql.cj.jdbc.ConnectionImpl@6dcf7b6a
2024-04-04T13:03:05.905+09:00  INFO 14324 --- [    Test worker] com.zaxxer.hikari.HikariDataSource       : HikariPool-1 - Start completed.
2024-04-04T13:03:06.664+09:00  INFO 14324 --- [    Test worker] o.s.o.j.p.SpringPersistenceUnitInfo      : No LoadTimeWeaver setup: ignoring JPA class transformer
2024-04-04T13:03:08.337+09:00  INFO 14324 --- [    Test worker] j.LocalContainerEntityManagerFactoryBean : Initialized JPA EntityManagerFactory for persistence unit 'default'
2024-04-04T13:03:09.483+09:00  INFO 14324 --- [    Test worker] o.s.d.j.r.query.QueryEnhancerFactory     : Hibernate is in classpath; If applicable, HQL parser will be used.
2024-04-04T13:03:10.119+09:00  WARN 14324 --- [    Test worker] JpaBaseConfiguration$JpaWebConfiguration : spring.jpa.open-in-view is enabled by default. Therefore, database queries may be performed during view rendering. Explicitly configure spring.jpa.open-in-view to disable this warning
2024-04-04T13:03:10.593+09:00  INFO 14324 --- [    Test worker] o.s.s.web.DefaultSecurityFilterChain     : Will secure any request with [org.springframework.security.web.session.DisableEncodeUrlFilter@1d21fd5a, org.springframework.security.web.context.request.async.WebAsyncManagerIntegrationFilter@728ad254, org.springframework.security.web.context.SecurityContextHolderFilter@46f03d6d, org.springframework.security.web.header.HeaderWriterFilter@a95807f, org.springframework.web.filter.CorsFilter@49f32bcb, org.springframework.security.web.authentication.logout.LogoutFilter@7c9cecfb, org.springframework.web.filter.CorsFilter@49f32bcb, com.programmers.web.dashboard.jwt.JwtFilter@3b590d21, org.springframework.security.web.savedrequest.RequestCacheAwareFilter@596c6c3e, org.springframework.security.web.servletapi.SecurityContextHolderAwareRequestFilter@541c7857, org.springframework.security.web.authentication.AnonymousAuthenticationFilter@6aa27145, org.springframework.security.web.session.SessionManagementFilter@566c6b91, org.springframework.security.web.access.ExceptionTranslationFilter@22796ead, org.springframework.security.web.access.intercept.AuthorizationFilter@4481a37f]
2024-04-04T13:03:11.088+09:00  INFO 14324 --- [    Test worker] c.p.w.d.TaskOptimizerApplicationTests    : Started TaskOptimizerApplicationTests in 8.232 seconds (process running for 9.952)
]]></system-out>
  <system-err><![CDATA[]]></system-err>
</testsuite>
