<?xml version="1.0" encoding="UTF-8"?>
<testsuite name="com.programmers.web.dashboard.TaskOptimizerApplicationTests" tests="1" skipped="0" failures="0" errors="0" timestamp="2024-03-27T18:08:19" hostname="DW" time="0.88">
  <properties/>
  <testcase name="contextLoads()" classname="com.programmers.web.dashboard.TaskOptimizerApplicationTests" time="0.88"/>
  <system-out><![CDATA[03:08:09.169 [Test worker] INFO org.springframework.test.context.support.AnnotationConfigContextLoaderUtils -- Could not detect default configuration classes for test class [com.programmers.web.dashboard.TaskOptimizerApplicationTests]: TaskOptimizerApplicationTests does not declare any static, non-private, non-final, nested classes annotated with @Configuration.
03:08:09.337 [Test worker] INFO org.springframework.boot.test.context.SpringBootTestContextBootstrapper -- Found @SpringBootConfiguration com.programmers.web.dashboard.TaskOptimizerApplication for test class com.programmers.web.dashboard.TaskOptimizerApplicationTests

  .   ____          _            __ _ _
 /\\ / ___'_ __ _ _(_)_ __  __ _ \ \ \ \
( ( )\___ | '_ | '_| | '_ \/ _` | \ \ \ \
 \\/  ___)| |_)| | | | | || (_| |  ) ) ) )
  '  |____| .__|_| |_|_| |_\__, | / / / /
 =========|_|==============|___/=/_/_/_/
 :: Spring Boot ::                (v3.2.2)

2024-03-28T03:08:10.122+09:00  INFO 9112 --- [    Test worker] c.p.w.d.TaskOptimizerApplicationTests    : Starting TaskOptimizerApplicationTests using Java 17.0.9 with PID 9112 (started by redit in C:\TaskOptimizer)
2024-03-28T03:08:10.123+09:00 DEBUG 9112 --- [    Test worker] c.p.w.d.TaskOptimizerApplicationTests    : Running with Spring Boot v3.2.2, Spring v6.1.3
2024-03-28T03:08:10.125+09:00  INFO 9112 --- [    Test worker] c.p.w.d.TaskOptimizerApplicationTests    : The following 1 profile is active: "dev"
2024-03-28T03:08:11.581+09:00  INFO 9112 --- [    Test worker] .s.d.r.c.RepositoryConfigurationDelegate : Multiple Spring Data modules found, entering strict repository configuration mode
2024-03-28T03:08:11.586+09:00  INFO 9112 --- [    Test worker] .s.d.r.c.RepositoryConfigurationDelegate : Bootstrapping Spring Data JPA repositories in DEFAULT mode.
2024-03-28T03:08:11.863+09:00  INFO 9112 --- [    Test worker] .s.d.r.c.RepositoryConfigurationDelegate : Finished Spring Data repository scanning in 261 ms. Found 4 JPA repository interfaces.
2024-03-28T03:08:11.896+09:00  INFO 9112 --- [    Test worker] .s.d.r.c.RepositoryConfigurationDelegate : Multiple Spring Data modules found, entering strict repository configuration mode
2024-03-28T03:08:11.898+09:00  INFO 9112 --- [    Test worker] .s.d.r.c.RepositoryConfigurationDelegate : Bootstrapping Spring Data Redis repositories in DEFAULT mode.
2024-03-28T03:08:11.923+09:00  INFO 9112 --- [    Test worker] .RepositoryConfigurationExtensionSupport : Spring Data Redis - Could not safely identify store assignment for repository candidate interface com.programmers.web.dashboard.repository.AuthorityRepository; If you want this repository to be a Redis repository, consider annotating your entities with one of these annotations: org.springframework.data.redis.core.RedisHash (preferred), or consider extending one of the following types with your repository: org.springframework.data.keyvalue.repository.KeyValueRepository
2024-03-28T03:08:11.926+09:00  INFO 9112 --- [    Test worker] .RepositoryConfigurationExtensionSupport : Spring Data Redis - Could not safely identify store assignment for repository candidate interface com.programmers.web.dashboard.repository.BoardRepository; If you want this repository to be a Redis repository, consider annotating your entities with one of these annotations: org.springframework.data.redis.core.RedisHash (preferred), or consider extending one of the following types with your repository: org.springframework.data.keyvalue.repository.KeyValueRepository
2024-03-28T03:08:11.926+09:00  INFO 9112 --- [    Test worker] .RepositoryConfigurationExtensionSupport : Spring Data Redis - Could not safely identify store assignment for repository candidate interface com.programmers.web.dashboard.repository.MemberRepository; If you want this repository to be a Redis repository, consider annotating your entities with one of these annotations: org.springframework.data.redis.core.RedisHash (preferred), or consider extending one of the following types with your repository: org.springframework.data.keyvalue.repository.KeyValueRepository
2024-03-28T03:08:11.927+09:00  INFO 9112 --- [    Test worker] .RepositoryConfigurationExtensionSupport : Spring Data Redis - Could not safely identify store assignment for repository candidate interface com.programmers.web.dashboard.repository.RefreshTokenRepository; If you want this repository to be a Redis repository, consider annotating your entities with one of these annotations: org.springframework.data.redis.core.RedisHash (preferred), or consider extending one of the following types with your repository: org.springframework.data.keyvalue.repository.KeyValueRepository
2024-03-28T03:08:11.927+09:00  INFO 9112 --- [    Test worker] .s.d.r.c.RepositoryConfigurationDelegate : Finished Spring Data repository scanning in 14 ms. Found 0 Redis repository interfaces.
2024-03-28T03:08:12.701+09:00  INFO 9112 --- [    Test worker] com.zaxxer.hikari.HikariDataSource       : HikariPool-1 - Starting...
2024-03-28T03:08:13.045+09:00  INFO 9112 --- [    Test worker] com.zaxxer.hikari.pool.HikariPool        : HikariPool-1 - Added connection com.mysql.cj.jdbc.ConnectionImpl@247bbfba
2024-03-28T03:08:13.048+09:00  INFO 9112 --- [    Test worker] com.zaxxer.hikari.HikariDataSource       : HikariPool-1 - Start completed.
2024-03-28T03:08:13.826+09:00  INFO 9112 --- [    Test worker] o.s.o.j.p.SpringPersistenceUnitInfo      : No LoadTimeWeaver setup: ignoring JPA class transformer
2024-03-28T03:08:15.575+09:00  INFO 9112 --- [    Test worker] j.LocalContainerEntityManagerFactoryBean : Initialized JPA EntityManagerFactory for persistence unit 'default'
2024-03-28T03:08:17.281+09:00  INFO 9112 --- [    Test worker] o.s.d.j.r.query.QueryEnhancerFactory     : Hibernate is in classpath; If applicable, HQL parser will be used.
2024-03-28T03:08:18.159+09:00  WARN 9112 --- [    Test worker] JpaBaseConfiguration$JpaWebConfiguration : spring.jpa.open-in-view is enabled by default. Therefore, database queries may be performed during view rendering. Explicitly configure spring.jpa.open-in-view to disable this warning
2024-03-28T03:08:18.777+09:00  INFO 9112 --- [    Test worker] o.s.s.web.DefaultSecurityFilterChain     : Will secure any request with [org.springframework.security.web.session.DisableEncodeUrlFilter@3b590d21, org.springframework.security.web.context.request.async.WebAsyncManagerIntegrationFilter@6aa27145, org.springframework.security.web.context.SecurityContextHolderFilter@596c6c3e, org.springframework.security.web.header.HeaderWriterFilter@1b6dab22, org.springframework.web.filter.CorsFilter@38624a3a, org.springframework.security.web.authentication.logout.LogoutFilter@4632d697, org.springframework.web.filter.CorsFilter@38624a3a, com.programmers.web.dashboard.jwt.JwtFilter@78fb8a66, org.springframework.security.web.savedrequest.RequestCacheAwareFilter@13c02cec, org.springframework.security.web.servletapi.SecurityContextHolderAwareRequestFilter@4fdf83bb, org.springframework.security.web.authentication.AnonymousAuthenticationFilter@5c47ef5f, org.springframework.security.web.session.SessionManagementFilter@4b68d2a6, org.springframework.security.web.access.ExceptionTranslationFilter@a95807f, org.springframework.security.web.access.intercept.AuthorizationFilter@1d21fd5a]
2024-03-28T03:08:19.532+09:00  INFO 9112 --- [    Test worker] c.p.w.d.TaskOptimizerApplicationTests    : Started TaskOptimizerApplicationTests in 9.789 seconds (process running for 11.524)
]]></system-out>
  <system-err><![CDATA[]]></system-err>
</testsuite>
